2016-04-02T06:09:04-07:00 INFO (6): exception 'PDOException' with message 'SQLSTATE[42S22]: Column not found: 1054 Unknown column 'po.client_id' in 'on clause'' in /var/www/html/zend1SkeletonCRM/library/Zend/Db/Statement/Pdo.php:228
Stack trace:
#0 /var/www/html/zend1SkeletonCRM/library/Zend/Db/Statement/Pdo.php(228): PDOStatement->execute(Array)
#1 /var/www/html/zend1SkeletonCRM/library/Zend/Db/Statement.php(300): Zend_Db_Statement_Pdo->_execute(Array)
#2 /var/www/html/zend1SkeletonCRM/library/Zend/Db/Adapter/Abstract.php(479): Zend_Db_Statement->execute(Array)
#3 /var/www/html/zend1SkeletonCRM/library/Zend/Db/Adapter/Pdo/Abstract.php(238): Zend_Db_Adapter_Abstract->query(Object(Zend_Db_Select), Array)
#4 /var/www/html/zend1SkeletonCRM/library/Zend/Db/Adapter/Abstract.php(736): Zend_Db_Adapter_Pdo_Abstract->query(Object(Zend_Db_Select), Array)
#5 /var/www/html/zend1SkeletonCRM/application/models/DbTable/Challan.php(56): Zend_Db_Adapter_Abstract->fetchAll(Object(Zend_Db_Select))
#6 /var/www/html/zend1SkeletonCRM/application/modules/admin/controllers/ReceiptController.php(195): Application_Model_DbTable_Challan->getChallanById('1007')
#7 /var/www/html/zend1SkeletonCRM/library/Zend/Controller/Action.php(516): Admin_ReceiptController->printChallanAction()
#8 /var/www/html/zend1SkeletonCRM/library/Zend/Controller/Dispatcher/Standard.php(295): Zend_Controller_Action->dispatch('printChallanAct...')
#9 /var/www/html/zend1SkeletonCRM/library/Zend/Controller/Front.php(954): Zend_Controller_Dispatcher_Standard->dispatch(Object(Zend_Controller_Request_Http), Object(Zend_Controller_Response_Http))
#10 /var/www/html/zend1SkeletonCRM/library/Zend/Application/Bootstrap/Bootstrap.php(97): Zend_Controller_Front->dispatch()
#11 /var/www/html/zend1SkeletonCRM/library/Zend/Application.php(366): Zend_Application_Bootstrap_Bootstrap->run()
#12 /var/www/html/zend1SkeletonCRM/public/index.php(34): Zend_Application->run()
#13 {main}

Next exception 'Zend_Db_Statement_Exception' with message 'SQLSTATE[42S22]: Column not found: 1054 Unknown column 'po.client_id' in 'on clause'' in /var/www/html/zend1SkeletonCRM/library/Zend/Db/Statement/Pdo.php:234
Stack trace:
#0 /var/www/html/zend1SkeletonCRM/library/Zend/Db/Statement.php(300): Zend_Db_Statement_Pdo->_execute(Array)
#1 /var/www/html/zend1SkeletonCRM/library/Zend/Db/Adapter/Abstract.php(479): Zend_Db_Statement->execute(Array)
#2 /var/www/html/zend1SkeletonCRM/library/Zend/Db/Adapter/Pdo/Abstract.php(238): Zend_Db_Adapter_Abstract->query(Object(Zend_Db_Select), Array)
#3 /var/www/html/zend1SkeletonCRM/library/Zend/Db/Adapter/Abstract.php(736): Zend_Db_Adapter_Pdo_Abstract->query(Object(Zend_Db_Select), Array)
#4 /var/www/html/zend1SkeletonCRM/application/models/DbTable/Challan.php(56): Zend_Db_Adapter_Abstract->fetchAll(Object(Zend_Db_Select))
#5 /var/www/html/zend1SkeletonCRM/application/modules/admin/controllers/ReceiptController.php(195): Application_Model_DbTable_Challan->getChallanById('1007')
#6 /var/www/html/zend1SkeletonCRM/library/Zend/Controller/Action.php(516): Admin_ReceiptController->printChallanAction()
#7 /var/www/html/zend1SkeletonCRM/library/Zend/Controller/Dispatcher/Standard.php(295): Zend_Controller_Action->dispatch('printChallanAct...')
#8 /var/www/html/zend1SkeletonCRM/library/Zend/Controller/Front.php(954): Zend_Controller_Dispatcher_Standard->dispatch(Object(Zend_Controller_Request_Http), Object(Zend_Controller_Response_Http))
#9 /var/www/html/zend1SkeletonCRM/library/Zend/Application/Bootstrap/Bootstrap.php(97): Zend_Controller_Front->dispatch()
#10 /var/www/html/zend1SkeletonCRM/library/Zend/Application.php(366): Zend_Application_Bootstrap_Bootstrap->run()
#11 /var/www/html/zend1SkeletonCRM/public/index.php(34): Zend_Application->run()
#12 {main}
Array
(
    [module] => admin
    [controller] => receipt
    [action] => print-challan
    [challanId] => 1007
)

-----------------------------------------------------------

